2026-03-10 10:33:43 INFO   com.rhul.clod.Main runChain [BABELVIEW] gridle_122
2026-03-10 10:33:44 SEVERE com.rhul.clod.Main main [GENERAL_ERROR] gridle_122
2026-03-10 10:33:44 INFO   com.rhul.clod.Main main [PROCESSED] gridle_122
2026-03-10 10:45:09 INFO   com.rhul.clod.Main runChain [BABELVIEW] gridle_122
2026-03-10 10:45:09 SEVERE com.rhul.clod.Main main [GENERAL_ERROR] gridle_122
2026-03-10 10:45:09 INFO   com.rhul.clod.Main main [PROCESSED] gridle_122
2026-03-10 10:45:39 INFO   com.rhul.clod.Main runChain [BABELVIEW] gridle_122
2026-03-10 10:45:39 SEVERE com.rhul.clod.Main main [GENERAL_ERROR] gridle_122
2026-03-10 10:45:39 INFO   com.rhul.clod.Main main [PROCESSED] gridle_122
2026-03-10 10:46:57 INFO   com.rhul.clod.Main runChain [BABELVIEW] gridle_122
2026-03-10 10:46:58 SEVERE com.rhul.clod.Main main [GENERAL_ERROR] gridle_122
2026-03-10 10:46:58 INFO   com.rhul.clod.Main main [PROCESSED] gridle_122
2026-03-10 10:47:08 INFO   com.rhul.clod.Main runChain [BABELVIEW] gridle_122
2026-03-10 10:47:08 SEVERE com.rhul.clod.Main main [GENERAL_ERROR] gridle_122
2026-03-10 10:47:08 INFO   com.rhul.clod.Main main [PROCESSED] gridle_122
2026-03-10 12:01:37 INFO   com.rhul.clod.Main runChain [BABELVIEW] gridle_122
2026-03-10 12:01:37 SEVERE com.rhul.clod.Main main [GENERAL_ERROR] gridle_122
2026-03-10 12:01:37 INFO   com.rhul.clod.Main main [PROCESSED] gridle_122
2026-03-10 12:03:22 INFO   com.rhul.clod.Main runChain [BABELVIEW] gridle_122
2026-03-10 12:03:29 SEVERE com.rhul.clod.sootPlugIn.BabelViewSceneTransformer internalTransform [NO_JS_INTERFACE] gridle_122
2026-03-10 12:03:29 INFO   com.rhul.clod.sootPlugIn.BabelViewSceneTransformer internalTransform [PROCESSED] gridle_122
2026-03-10 12:10:17 INFO   com.rhul.clod.Main runChain [BABELVIEW] duckduckgo
2026-03-10 12:10:20 SEVERE com.rhul.clod.sootPlugIn.BabelViewSceneTransformer internalTransform [NO_JS_INTERFACE] duckduckgo
2026-03-10 12:10:20 INFO   com.rhul.clod.sootPlugIn.BabelViewSceneTransformer internalTransform [PROCESSED] duckduckgo
2026-03-10 12:34:20 INFO   com.rhul.clod.Main runChain [BABELVIEW] duckduckgo
2026-03-10 12:34:21 SEVERE com.rhul.clod.sootPlugIn.BabelViewSceneTransformer internalTransform [NO_JS_INTERFACE] duckduckgo
2026-03-10 12:34:21 INFO   com.rhul.clod.sootPlugIn.BabelViewSceneTransformer internalTransform [PROCESSED] duckduckgo
